%このファイルは日本語文字を含みます.
\BOOKMARK [1][-]{section.1}{\376\377\0001\000\040\060\352\060\335\060\270\060\310\060\352}{}% 1
\BOOKMARK [1][-]{section.2}{\376\377\0002\000\040\123\103\204\111\167\014\136\002\165\072\147\121\116\000\211\247\377\010\122\051\165\050\200\005\124\021\060\121\116\325\151\330\146\370\377\011}{}% 2
\BOOKMARK [2][-]{subsection.2.1}{\376\377\0002\000.\0001\000\040\151\202\211\201}{section.2}% 3
\BOOKMARK [2][-]{subsection.2.2}{\376\377\0002\000.\0002\000\040\122\051\165\050\145\271\154\325}{section.2}% 4
\BOOKMARK [2][-]{subsection.2.3}{\376\377\0002\000.\0003\000\040\165\073\227\142\151\313\142\020}{section.2}% 5
\BOOKMARK [2][-]{subsection.2.4}{\376\377\0002\000.\0004\000\040\162\171\137\264\377\010\135\345\131\053\160\271\377\032\134\161\153\146\136\002\060\156\137\067\212\277\210\150\171\072\377\011}{section.2}% 6
\BOOKMARK [1][-]{section.3}{\376\377\0003\000\040\123\103\204\111\167\014\136\002\165\072\147\121\116\000\211\247\377\010\173\241\164\006\200\005\124\021\060\121\116\325\151\330\146\370\377\011}{}% 7
\BOOKMARK [2][-]{subsection.3.1}{\376\377\0003\000.\0001\000\040\173\241\164\006\133\376\214\141}{section.3}% 8
\BOOKMARK [2][-]{subsection.3.2}{\376\377\0003\000.\0002\000\040\060\307\060\374\060\277\146\364\145\260\142\113\230\006}{section.3}% 9
\BOOKMARK [2][-]{subsection.3.3}{\376\377\0003\000.\0003\000\040\165\073\120\317\060\156\217\375\122\240}{section.3}% 10
\BOOKMARK [2][-]{subsection.3.4}{\376\377\0003\000.\0004\000\040\215\167\122\325\060\373\120\134\153\142}{section.3}% 11
\BOOKMARK [2][-]{subsection.3.5}{\376\377\0003\000.\0005\000\040\060\310\060\351\060\326\060\353\060\267\060\345\060\374\060\310}{section.3}% 12
\BOOKMARK [1][-]{section.4}{\376\377\0004\000\040\123\103\204\111\167\014\136\002\165\072\147\121\116\000\211\247\377\010\142\200\210\123\200\005\124\021\060\121\116\325\151\330\146\370\377\011}{}% 13
\BOOKMARK [2][-]{subsection.4.1}{\376\377\0004\000.\0001\000\040\060\267\060\271\060\306\060\340\151\313\142\020}{section.4}% 14
\BOOKMARK [2][-]{subsection.4.2}{\376\377\0004\000.\0002\000\040\060\307\060\243\060\354\060\257\060\310\060\352\212\055\212\010\141\017\126\363}{section.4}% 15
\BOOKMARK [2][-]{subsection.4.3}{\376\377\0004\000.\0003\000\040\000A\000P\000I\116\325\151\330}{section.4}% 16
\BOOKMARK [2][-]{subsection.4.4}{\376\377\0004\000.\0004\000\040\060\325\060\355\060\363\060\310\133\237\210\305\060\156\211\201\160\271}{section.4}% 17
\BOOKMARK [2][-]{subsection.4.5}{\376\377\0004\000.\0005\000\040\000s\000e\000r\000v\000e\000r\000.\000j\000s\377\010\142\234\174\213\377\011}{section.4}% 18
\BOOKMARK [1][-]{section.5}{\376\377\0005\000\040\123\103\204\111\135\345\131\047\145\275\212\055\116\000\211\247\377\010\122\051\165\050\200\005\124\021\060\121\116\325\151\330\146\370\377\011}{}% 19
\BOOKMARK [2][-]{subsection.5.1}{\376\377\0005\000.\0001\000\040\151\202\211\201}{section.5}% 20
\BOOKMARK [2][-]{subsection.5.2}{\376\377\0005\000.\0002\000\040\122\051\165\050\145\271\154\325}{section.5}% 21
\BOOKMARK [2][-]{subsection.5.3}{\376\377\0005\000.\0003\000\040\165\073\227\142\151\313\142\020}{section.5}% 22
\BOOKMARK [1][-]{section.6}{\376\377\0006\000\040\000N\000P\000B\164\003\126\343\116\000\211\247\377\010\122\051\165\050\200\005\124\021\060\121\116\325\151\330\146\370\377\011}{}% 23
\BOOKMARK [2][-]{subsection.6.1}{\376\377\0006\000.\0001\000\040\151\202\211\201}{section.6}% 24
\BOOKMARK [2][-]{subsection.6.2}{\376\377\0006\000.\0002\000\040\122\051\165\050\145\271\154\325}{section.6}% 25
\BOOKMARK [2][-]{subsection.6.3}{\376\377\0006\000.\0003\000\040\165\073\227\142\151\313\142\020}{section.6}% 26
\BOOKMARK [2][-]{subsection.6.4}{\376\377\0006\000.\0004\000\040\120\231\200\003\377\010\060\307\060\374\060\277\060\156\121\372\121\170\060\153\060\144\060\104\060\146\377\011}{section.6}% 27
